<?xml version="1.0" encoding="UTF-8"?>
<!-- Generated by org.testng.reporters.JUnitReportReporter -->
<testsuite skipped="0" hostname="LAPTOP-7NC8C0E5" name="MyntraCode" tests="1" failures="0" timestamp="01 Sep 2019 09:54:22 GMT" time="90.551" errors="0">
  <testcase name="searchTest" time="90.551" classname="MyntraCode"/>
</testsuite> <!-- MyntraCode -->
